120213  8:55:40 [Note] Plugin 'FEDERATED' is disabled.
InnoDB: The InnoDB memory heap is disabled
InnoDB: Mutexes and rw_locks use Windows interlocked functions
InnoDB: Compressed tables use zlib 1.2.3
120213  8:55:40  InnoDB: Initializing buffer pool, size = 8.0M
120213  8:55:40  InnoDB: Completed initialization of buffer pool
120213  8:55:41  InnoDB: highest supported file format is Barracuda.
120213  8:55:42  InnoDB: 1.1.4 started; log sequence number 3094950
120213  8:55:42 [ERROR] Missing system table mysql.proxies_priv; please run mysql_upgrade to create it
120213  8:55:42 [ERROR] Native table 'performance_schema'.'events_waits_current' has the wrong structure
120213  8:55:42 [ERROR] Native table 'performance_schema'.'events_waits_history' has the wrong structure
120213  8:55:42 [ERROR] Native table 'performance_schema'.'events_waits_history_long' has the wrong structure
120213  8:55:42 [ERROR] Native table 'performance_schema'.'setup_consumers' has the wrong structure
120213  8:55:42 [ERROR] Native table 'performance_schema'.'setup_instruments' has the wrong structure
120213  8:55:42 [ERROR] Native table 'performance_schema'.'setup_timers' has the wrong structure
120213  8:55:42 [ERROR] Native table 'performance_schema'.'performance_timers' has the wrong structure
120213  8:55:42 [ERROR] Native table 'performance_schema'.'threads' has the wrong structure
120213  8:55:42 [ERROR] Native table 'performance_schema'.'events_waits_summary_by_thread_by_event_name' has the wrong structure
120213  8:55:42 [ERROR] Native table 'performance_schema'.'events_waits_summary_by_instance' has the wrong structure
120213  8:55:42 [ERROR] Native table 'performance_schema'.'events_waits_summary_global_by_event_name' has the wrong structure
120213  8:55:42 [ERROR] Native table 'performance_schema'.'file_summary_by_event_name' has the wrong structure
120213  8:55:42 [ERROR] Native table 'performance_schema'.'file_summary_by_instance' has the wrong structure
120213  8:55:42 [ERROR] Native table 'performance_schema'.'mutex_instances' has the wrong structure
120213  8:55:42 [ERROR] Native table 'performance_schema'.'rwlock_instances' has the wrong structure
120213  8:55:42 [ERROR] Native table 'performance_schema'.'cond_instances' has the wrong structure
120213  8:55:42 [ERROR] Native table 'performance_schema'.'file_instances' has the wrong structure
120213  8:55:42 [Note] Event Scheduler: Loaded 0 events
120213  8:55:42 [Note] C:\Users\Justin\Desktop\hobbit\mysql\bin\mysqld-nt.exe: ready for connections.
Version: '5.5.8'  socket: ''  port: 3306  MySQL Community Server (GPL)
120213 12:27:27 [Note] C:\Users\Justin\Desktop\hobbit\mysql\bin\mysqld-nt.exe: Normal shutdown

120213 12:27:27 [Note] Event Scheduler: Purging the queue. 0 events
120213 12:27:27  InnoDB: Starting shutdown...
120213 12:27:28  InnoDB: Shutdown completed; log sequence number 4427530
120213 12:27:28 [Note] C:\Users\Justin\Desktop\hobbit\mysql\bin\mysqld-nt.exe: Shutdown complete

120214 13:02:18 [Note] Plugin 'FEDERATED' is disabled.
InnoDB: The InnoDB memory heap is disabled
InnoDB: Mutexes and rw_locks use Windows interlocked functions
InnoDB: Compressed tables use zlib 1.2.3
120214 13:02:18  InnoDB: Initializing buffer pool, size = 8.0M
120214 13:02:18  InnoDB: Completed initialization of buffer pool
120214 13:02:19  InnoDB: highest supported file format is Barracuda.
120214 13:02:20  InnoDB: 1.1.4 started; log sequence number 4427530
120214 13:02:20 [ERROR] Missing system table mysql.proxies_priv; please run mysql_upgrade to create it
120214 13:02:20 [ERROR] Native table 'performance_schema'.'events_waits_current' has the wrong structure
120214 13:02:20 [ERROR] Native table 'performance_schema'.'events_waits_history' has the wrong structure
120214 13:02:20 [ERROR] Native table 'performance_schema'.'events_waits_history_long' has the wrong structure
120214 13:02:20 [ERROR] Native table 'performance_schema'.'setup_consumers' has the wrong structure
120214 13:02:20 [ERROR] Native table 'performance_schema'.'setup_instruments' has the wrong structure
120214 13:02:20 [ERROR] Native table 'performance_schema'.'setup_timers' has the wrong structure
120214 13:02:20 [ERROR] Native table 'performance_schema'.'performance_timers' has the wrong structure
120214 13:02:20 [ERROR] Native table 'performance_schema'.'threads' has the wrong structure
120214 13:02:20 [ERROR] Native table 'performance_schema'.'events_waits_summary_by_thread_by_event_name' has the wrong structure
120214 13:02:20 [ERROR] Native table 'performance_schema'.'events_waits_summary_by_instance' has the wrong structure
120214 13:02:20 [ERROR] Native table 'performance_schema'.'events_waits_summary_global_by_event_name' has the wrong structure
120214 13:02:20 [ERROR] Native table 'performance_schema'.'file_summary_by_event_name' has the wrong structure
120214 13:02:20 [ERROR] Native table 'performance_schema'.'file_summary_by_instance' has the wrong structure
120214 13:02:20 [ERROR] Native table 'performance_schema'.'mutex_instances' has the wrong structure
120214 13:02:20 [ERROR] Native table 'performance_schema'.'rwlock_instances' has the wrong structure
120214 13:02:20 [ERROR] Native table 'performance_schema'.'cond_instances' has the wrong structure
120214 13:02:20 [ERROR] Native table 'performance_schema'.'file_instances' has the wrong structure
120214 13:02:20 [Note] Event Scheduler: Loaded 0 events
120214 13:02:20 [Note] C:\Users\Justin\Desktop\hobbit\mysql\bin\mysqld-nt.exe: ready for connections.
Version: '5.5.8'  socket: ''  port: 3306  MySQL Community Server (GPL)
120214 13:02:32 [Note] C:\Users\Justin\Desktop\hobbit\mysql\bin\mysqld-nt.exe: Normal shutdown

120214 13:02:32 [Note] Event Scheduler: Purging the queue. 0 events
120214 13:02:32  InnoDB: Starting shutdown...
120214 13:02:33  InnoDB: Shutdown completed; log sequence number 4442965
120214 13:02:33 [Note] C:\Users\Justin\Desktop\hobbit\mysql\bin\mysqld-nt.exe: Shutdown complete

